<?xml version="1.0" encoding="UTF-8"?>
<!-- Generated by org.testng.reporters.JUnitXMLReporter -->
<testsuite ignored="0" hostname="Nikhil" failures="0" tests="6" name="Default test" time="2.683" errors="0" timestamp="2024-02-18T19:38:19 IST">
  <testcase classname="restassuretesting.DynamicJson" name="addBook" time="1.907"/>
  <testcase classname="restassuretesting.DynamicJson" name="addBook" time="0.113"/>
  <testcase classname="restassuretesting.DynamicJson" name="addBook" time="0.098"/>
  <testcase classname="restassuretesting.DynamicJson" name="deleteBook" time="0.208"/>
  <testcase classname="restassuretesting.DynamicJson" name="deleteBook" time="0.097"/>
  <testcase classname="restassuretesting.DynamicJson" name="deleteBook" time="0.201"/>
</testsuite> <!-- Default test -->
