<?xml version="1.0" encoding="UTF-8"?>
<testng-results ignored="0" total="6" passed="6" failed="0" skipped="0">
  <reporter-output>
  </reporter-output>
  <suite started-at="2024-02-18T19:38:16 IST" name="Default suite" finished-at="2024-02-18T19:38:19 IST" duration-ms="2683">
    <groups>
    </groups>
    <test started-at="2024-02-18T19:38:16 IST" name="Default test" finished-at="2024-02-18T19:38:19 IST" duration-ms="2683">
      <class name="restassuretesting.DynamicJson">
        <test-method signature="addBook(java.lang.String,java.lang.String)[pri:0, instance:restassuretesting.DynamicJson@506ae4d4]" started-at="2024-02-18T19:38:16 IST" name="addBook" data-provider="BookData" finished-at="2024-02-18T19:38:18 IST" duration-ms="1907" status="PASS">
          <params>
            <param index="0">
              <value>
                <![CDATA[abc]]>
              </value>
            </param>
            <param index="1">
              <value>
                <![CDATA[123476]]>
              </value>
            </param>
          </params>
          <reporter-output>
          </reporter-output>
        </test-method> <!-- addBook -->
        <test-method signature="addBook(java.lang.String,java.lang.String)[pri:0, instance:restassuretesting.DynamicJson@506ae4d4]" started-at="2024-02-18T19:38:18 IST" name="addBook" data-provider="BookData" finished-at="2024-02-18T19:38:18 IST" duration-ms="113" status="PASS">
          <params>
            <param index="0">
              <value>
                <![CDATA[pqr]]>
              </value>
            </param>
            <param index="1">
              <value>
                <![CDATA[123476]]>
              </value>
            </param>
          </params>
          <reporter-output>
          </reporter-output>
        </test-method> <!-- addBook -->
        <test-method signature="addBook(java.lang.String,java.lang.String)[pri:0, instance:restassuretesting.DynamicJson@506ae4d4]" started-at="2024-02-18T19:38:18 IST" name="addBook" data-provider="BookData" finished-at="2024-02-18T19:38:18 IST" duration-ms="98" status="PASS">
          <params>
            <param index="0">
              <value>
                <![CDATA[xyz]]>
              </value>
            </param>
            <param index="1">
              <value>
                <![CDATA[93246]]>
              </value>
            </param>
          </params>
          <reporter-output>
          </reporter-output>
        </test-method> <!-- addBook -->
        <test-method signature="deleteBook(java.lang.String,java.lang.String)[pri:0, instance:restassuretesting.DynamicJson@506ae4d4]" started-at="2024-02-18T19:38:18 IST" name="deleteBook" data-provider="BookData" finished-at="2024-02-18T19:38:19 IST" duration-ms="208" status="PASS">
          <params>
            <param index="0">
              <value>
                <![CDATA[abc]]>
              </value>
            </param>
            <param index="1">
              <value>
                <![CDATA[123476]]>
              </value>
            </param>
          </params>
          <reporter-output>
          </reporter-output>
        </test-method> <!-- deleteBook -->
        <test-method signature="deleteBook(java.lang.String,java.lang.String)[pri:0, instance:restassuretesting.DynamicJson@506ae4d4]" started-at="2024-02-18T19:38:19 IST" name="deleteBook" data-provider="BookData" finished-at="2024-02-18T19:38:19 IST" duration-ms="97" status="PASS">
          <params>
            <param index="0">
              <value>
                <![CDATA[pqr]]>
              </value>
            </param>
            <param index="1">
              <value>
                <![CDATA[123476]]>
              </value>
            </param>
          </params>
          <reporter-output>
          </reporter-output>
        </test-method> <!-- deleteBook -->
        <test-method signature="deleteBook(java.lang.String,java.lang.String)[pri:0, instance:restassuretesting.DynamicJson@506ae4d4]" started-at="2024-02-18T19:38:19 IST" name="deleteBook" data-provider="BookData" finished-at="2024-02-18T19:38:19 IST" duration-ms="201" status="PASS">
          <params>
            <param index="0">
              <value>
                <![CDATA[xyz]]>
              </value>
            </param>
            <param index="1">
              <value>
                <![CDATA[93246]]>
              </value>
            </param>
          </params>
          <reporter-output>
          </reporter-output>
        </test-method> <!-- deleteBook -->
      </class> <!-- restassuretesting.DynamicJson -->
    </test> <!-- Default test -->
  </suite> <!-- Default suite -->
</testng-results>
